<?xml version="1.0" encoding="UTF-8"?>
<!-- Generated by org.testng.reporters.JUnitReportReporter -->
<testsuite skipped="0" hostname="WINVA185060-0WA" name="practice.WebScrapping" tests="1" failures="0" timestamp="2021-06-21T19:55:17 IST" time="26.065" errors="0">
  <testcase name="webscrape" time="26.065" classname="practice.WebScrapping"/>
  <system-out/>
</testsuite> <!-- practice.WebScrapping -->
