<?xml version="1.0" encoding="UTF-8"?>
<!-- Generated by org.testng.reporters.JUnitReportReporter -->
<testsuite skipped="0" hostname="WINVA185060-0WA" name="practice.ActionTest" tests="1" failures="0" timestamp="2021-06-21T21:53:29 IST" time="13.673" errors="0">
  <testcase name="Test1" time="13.673" classname="practice.ActionTest"/>
  <system-out/>
</testsuite> <!-- practice.ActionTest -->
